<?xml version="1.0" encoding="UTF-8"?>
<testsuite name="gcukakao.jenkins.calculator.CalculatorTest" tests="1" skipped="0" failures="0" errors="0" timestamp="2023-04-29T18:05:24" hostname="ieunseobs-MacBook-Air.local" time="0.008">
  <properties/>
  <testcase name="testSub()" classname="gcukakao.jenkins.calculator.CalculatorTest" time="0.008"/>
  <system-out><![CDATA[]]></system-out>
  <system-err><![CDATA[]]></system-err>
</testsuite>
